2025-12-13 01:58:51,294 - INFO - 🚀 AI 프리미엄 추천 종목 리포트 스케줄러 시작
2025-12-13 01:58:51,295 - INFO - ⏰ 실행 시간: 매일 15:40
2025-12-13 01:58:51,295 - INFO - 📂 작업 디렉토리: D:\workspace\stockReport
2025-12-13 02:00:51,296 - INFO - ============================================================
2025-12-13 02:00:51,297 - INFO - AI 프리미엄 추천 종목 리포트 생성 시작
2025-12-13 02:00:51,297 - INFO - ============================================================
2025-12-13 02:01:03,682 - ERROR - ❌ 리포트 생성 실패! (종료 코드: 1)
2025-12-13 02:01:03,682 - ERROR - ❌ 예외 발생: 'NoneType' object has no attribute 'strip'
2025-12-13 02:04:17,033 - INFO - 
⏹️  스케줄러 종료됨 (Ctrl+C)
2025-12-13 02:04:59,472 - INFO - 🚀 AI 프리미엄 추천 종목 리포트 스케줄러 시작
2025-12-13 02:04:59,472 - INFO - ⏰ 실행 시간: 매일 15:40
2025-12-13 02:04:59,472 - INFO - 📂 작업 디렉토리: D:\workspace\stockReport
2025-12-13 02:05:06,494 - INFO - 
⏹️  스케줄러 종료됨 (Ctrl+C)
2025-12-13 02:05:42,644 - INFO - 🚀 AI 프리미엄 추천 종목 리포트 스케줄러 시작
2025-12-13 02:05:42,644 - INFO - ⏰ 실행 시간: 매일 15:40
2025-12-13 02:05:42,644 - INFO - 📂 작업 디렉토리: D:\workspace\stockReport
2025-12-13 02:07:42,645 - INFO - ============================================================
2025-12-13 02:07:42,646 - INFO - AI 프리미엄 추천 종목 리포트 생성 시작
2025-12-13 02:07:42,647 - INFO - ============================================================
2025-12-13 02:07:54,767 - ERROR - ❌ 리포트 생성 실패! (종료 코드: 1)
2025-12-13 02:07:54,767 - ERROR - 오류:

KOSPI �⺻ ����:   0%|          | 0/958 [00:00<?, ?it/s]
KOSPI �⺻ ����:  31%|###1      | 300/958 [00:04<00:09, 71.99it/s]
KOSPI �⺻ ����: 100%|##########| 958/958 [00:04<00:00, 227.96it/s]

KOSDAQ �⺻ ����:   0%|          | 0/1820 [00:00<?, ?it/s]
KOSDAQ �⺻ ����: 100%|##########| 1820/1820 [00:00<00:00, 20169.77it/s]

�� �м�:   0%|          | 0/17 [00:00<?, ?it/s]
�� �м�:   6%|5         | 1/17 [00:00<00:03,  4.57it/s]
�� �м�:  12%|#1        | 2/17 [00:00<00:03,  4.82it/s]
�� �м�:  18%|#7        | 3/17 [00:00<00:02,  5.10it/s]
�� �м�:  24%|##3       | 4/17 [00:00<00:02,  5.07it/s]
�� �м�:  29%|##9       | 5/17 [00:00<00:02,  5.06it/s]
�� �м�:  35%|###5      | 6/17 [00:01<00:02,  4.89it/s]
�� �м�:  41%|####1     | 7/17 [00:01<00:02,  4.54it/s]
�� �м�:  47%|####7     | 8/17 [00:01<00:01,  4.69it/s]
�� �м�:  53%|#####2    | 9/17 [00:01<00:01,  4.90it/s]
�� �м�:  59%|#####8    | 10/17 [00:02<00:01,  5.03it/s]
�� �м�:  65%|######4   | 11/17 [00:02<00:01,  5.01it/s]
�� �м�:  71%|#######   | 12/17 [00:02<00:01,  4.95it/s]
�� �м�:  76%|#######6  | 13/17 [00:02<00:00,  5.03it/s]
�� �м�:  82%|########2 | 14/17 [00:02<00:00,  5.18it/s]
�� �м�:  88%|########8 | 15/17 [00:03<00:00,  4.89it/s]
�� �м�:  94%|#########4| 16/17 [00:03<00:00,  4.92it/s]
�� �м�: 100%|##########| 17/17 [00:03<00:00,  4.89it/s]
�� �м�: 100%|##########| 17/17 [00:03<00:00,  4.92it/s]
Traceback (most recent call last):
  File "D:\workspace\stockReport\stock_report.py", line 102, in upload_to_github_and_notify
    print(f"\u2705 HTML ���� ����: reports/{filename}")
    ~~~~~^^^^^^^^^^^^^^^^^^^^^^^^^^^^^^^^^^^^^^^^^^
UnicodeEncodeError: 'cp949' codec can't encode character '\u2705' in position 0: illegal multibyte sequence

During handling of the above exception, another exception occurred:

Traceback (most recent call last):
  File "D:\workspace\stockReport\stock_report.py", line 940, in <module>
    generate_report()
    ~~~~~~~~~~~~~~~^^
  File "D:\workspace\stockReport\stock_report.py", line 934, in generate_report
    upload_to_github_and_notify(html, trade_date)
    ~~~~~~~~~~~~~~~~~~~~~~~~~~~^^^^^^^^^^^^^^^^^^
  File "D:\workspace\stockReport\stock_report.py", line 198, in upload_to_github_and_notify
    print(f"\u274c ���� �߻�: {str(e)}")
    ~~~~~^^^^^^^^^^^^^^^^^^^^^^^^^^^
UnicodeEncodeError: 'cp949' codec can't encode character '\u274c' in position 0: illegal multibyte sequence

2025-12-13 02:07:54,768 - INFO - ============================================================
2025-12-13 02:17:48,697 - INFO - 
⏹️  스케줄러 종료됨 (Ctrl+C)
2025-12-13 02:17:51,296 - INFO - 🚀 AI 프리미엄 추천 종목 리포트 스케줄러 시작
2025-12-13 02:17:51,296 - INFO - ⏰ 실행 시간: 매일 15:40
2025-12-13 02:17:51,297 - INFO - 📂 작업 디렉토리: D:\workspace\stockReport
2025-12-13 02:17:53,905 - INFO - 
⏹️  스케줄러 종료됨 (Ctrl+C)
2025-12-13 02:18:12,710 - INFO - 🚀 AI 프리미엄 추천 종목 리포트 스케줄러 시작
2025-12-13 02:18:12,711 - INFO - ⏰ 실행 시간: 매일 15:40
2025-12-13 02:18:12,711 - INFO - 📂 작업 디렉토리: D:\workspace\stockReport
2025-12-13 02:19:12,711 - INFO - ============================================================
2025-12-13 02:19:12,712 - INFO - AI 프리미엄 추천 종목 리포트 생성 시작
2025-12-13 02:19:12,713 - INFO - ============================================================
2025-12-13 02:19:28,696 - INFO - ✅ 리포트 생성 성공!
2025-12-13 02:19:28,696 - INFO - 출력:
[INFO] 기준일: 20251212
[INFO] HTML 저장 완료: .\Premium_AI_Report_v4_20251212.html
[INFO] HTML 저장 완료: .\Premium_AI_Report_v4_20251212.html
[SUCCESS] HTML 파일 생성: reports/report_20251212.html
[INFO] GitHub에 업로드 중...
[SUCCESS] 커밋 완료
[INFO] 변경사항이 없어 커밋을 건너뜁니다
[WEB] 리포트 URL: https://jkkim74.github.io/stock-report/reports/report_20251212.html
[INFO] GitHub Pages 반영까지 1-2분 소요
[SUCCESS] Slack 알림 전송 완료!

2025-12-13 02:19:28,697 - INFO - ============================================================
2025-12-13 02:20:12,157 - INFO - 
⏹️  스케줄러 종료됨 (Ctrl+C)
2025-12-13 02:20:53,302 - INFO - 🚀 AI 프리미엄 추천 종목 리포트 스케줄러 시작
2025-12-13 02:20:53,302 - INFO - ⏰ 실행 시간: 매일 15:40
2025-12-13 02:20:53,303 - INFO - 📂 작업 디렉토리: D:\workspace\stockReport
2025-12-13 08:00:53,441 - INFO - ============================================================
2025-12-13 08:00:53,442 - INFO - AI 프리미엄 추천 종목 리포트 생성 시작
2025-12-13 08:00:53,442 - INFO - ============================================================
2025-12-13 08:01:07,989 - INFO - ✅ 리포트 생성 성공!
2025-12-13 08:01:07,989 - INFO - 출력:
[INFO] 기준일: 20251212
[INFO] HTML 저장 완료: .\Premium_AI_Report_v4_20251212.html
[INFO] HTML 저장 완료: .\Premium_AI_Report_v4_20251212.html
[SUCCESS] HTML 파일 생성: reports/report_20251212.html
[INFO] GitHub에 업로드 중...
[SUCCESS] 커밋 완료
[INFO] 변경사항이 없어 커밋을 건너뜁니다
[WEB] 리포트 URL: https://jkkim74.github.io/stock-report/reports/report_20251212.html
[INFO] GitHub Pages 반영까지 1-2분 소요
[SUCCESS] Slack 알림 전송 완료!

2025-12-13 08:01:07,990 - INFO - ============================================================
2025-12-13 08:51:56,068 - INFO - 
⏹️  스케줄러 종료됨 (Ctrl+C)
2025-12-13 08:52:37,621 - INFO - 🚀 AI 프리미엄 추천 종목 리포트 스케줄러 시작
2025-12-13 08:52:37,622 - INFO - ⏰ 실행 시간: 매일 15:40
2025-12-13 08:52:37,622 - INFO - 📂 작업 디렉토리: D:\workspace\stockReport
2025-12-13 08:52:41,646 - INFO - 
⏹️  스케줄러 종료됨 (Ctrl+C)
2025-12-13 08:53:58,688 - INFO - 🚀 AI 프리미엄 추천 종목 리포트 스케줄러 시작
2025-12-13 08:53:58,688 - INFO - ⏰ 실행 시간: 매일 20:05
2025-12-13 08:53:58,689 - INFO - 📂 작업 디렉토리: D:\workspace\stockReport
2025-12-13 20:05:58,963 - INFO - ============================================================
2025-12-13 20:05:58,964 - INFO - AI 프리미엄 추천 종목 리포트 생성 시작
2025-12-13 20:05:58,965 - INFO - ============================================================
2025-12-13 20:06:14,485 - INFO - ✅ 리포트 생성 성공!
2025-12-13 20:06:14,485 - INFO - 출력:
[INFO] 기준일: 20251212
[INFO] HTML 저장 완료: .\Premium_AI_Report_v4_20251212.html
[INFO] HTML 저장 완료: .\Premium_AI_Report_v4_20251212.html
[SUCCESS] HTML 파일 생성: reports/report_20251212.html
[INFO] GitHub에 업로드 중...
[SUCCESS] 커밋 완료
[INFO] 변경사항이 없어 커밋을 건너뜁니다
[WEB] 리포트 URL: https://jkkim74.github.io/stock-report/reports/report_20251212.html
[INFO] GitHub Pages 반영까지 1-2분 소요
[SUCCESS] Slack 알림 전송 완료!

2025-12-13 20:06:14,485 - INFO - ============================================================
2025-12-13 22:13:23,073 - INFO - 
⏹️  스케줄러 종료됨 (Ctrl+C)
